<?xml version="1.0" encoding="UTF-8"?>
<!-- Generated by org.testng.reporters.JUnitXMLReporter -->
<testsuite hostname="DESKTOP-C6SCVB2" ignored="0" name="Default test" tests="5" failures="0" timestamp="2019-12-09T15:25:59 PKT" time="73.178" errors="0">
  <testcase name="tc1" time="13.822" classname="testapk.Testcases"/>
  <testcase name="tc2" time="14.156" classname="testapk.Testcases"/>
  <testcase name="tc3" time="11.862" classname="testapk.Testcases"/>
  <testcase name="tc4" time="12.81" classname="testapk.Testcases"/>
  <testcase name="tc5" time="9.587" classname="testapk.Testcases"/>
</testsuite> <!-- Default test -->
