<?xml version="1.0" encoding="UTF-8"?>
<!-- Generated by org.testng.reporters.JUnitXMLReporter -->
<testsuite hostname="DESKTOP-C6SCVB2" ignored="0" name="Default test" tests="5" failures="0" timestamp="2019-12-09T12:54:55 PKT" time="69.565" errors="0">
  <testcase name="tc2" time="13.145" classname="testapk.Testcases"/>
  <testcase name="tc3" time="12.998" classname="testapk.Testcases"/>
  <testcase name="tc4" time="11.736" classname="testapk.Testcases"/>
  <testcase name="tc5" time="12.502" classname="testapk.Testcases"/>
  <testcase name="tc6" time="9.453" classname="testapk.Testcases"/>
</testsuite> <!-- Default test -->
