<?xml version="1.0" encoding="UTF-8"?>
<testng-results skipped="0" failed="0" ignored="0" total="3" passed="3">
  <reporter-output>
  </reporter-output>
  <suite name="Suite" duration-ms="49426" started-at="2019-12-06T17:48:43 PKT" finished-at="2019-12-06T17:49:33 PKT">
    <groups>
    </groups>
    <test name="Test" duration-ms="49426" started-at="2019-12-06T17:48:43 PKT" finished-at="2019-12-06T17:49:33 PKT">
      <class name="testapk.Testcases">
        <test-method status="PASS" signature="tc2()[pri:0, instance:testapk.Testcases@6973bf95]" name="tc2" is-config="true" duration-ms="12590" started-at="2019-12-06T17:48:31 PKT" finished-at="2019-12-06T17:48:43 PKT">
          <reporter-output>
          </reporter-output>
        </test-method> <!-- tc2 -->
        <test-method status="PASS" signature="tc5()[pri:0, instance:testapk.Testcases@6973bf95]" name="tc5" is-config="true" duration-ms="9819" started-at="2019-12-06T17:48:43 PKT" finished-at="2019-12-06T17:48:53 PKT">
          <reporter-output>
          </reporter-output>
        </test-method> <!-- tc5 -->
        <test-method status="PASS" signature="tc1()[pri:1, instance:testapk.Testcases@6973bf95]" name="tc1" duration-ms="13970" started-at="2019-12-06T17:48:53 PKT" finished-at="2019-12-06T17:49:07 PKT">
          <reporter-output>
          </reporter-output>
        </test-method> <!-- tc1 -->
        <test-method status="PASS" signature="tc3()[pri:3, instance:testapk.Testcases@6973bf95]" name="tc3" duration-ms="12058" started-at="2019-12-06T17:49:07 PKT" finished-at="2019-12-06T17:49:19 PKT">
          <reporter-output>
          </reporter-output>
        </test-method> <!-- tc3 -->
        <test-method status="PASS" signature="tc4()[pri:4, instance:testapk.Testcases@6973bf95]" name="tc4" duration-ms="13395" started-at="2019-12-06T17:49:19 PKT" finished-at="2019-12-06T17:49:33 PKT">
          <reporter-output>
          </reporter-output>
        </test-method> <!-- tc4 -->
      </class> <!-- testapk.Testcases -->
    </test> <!-- Test -->
  </suite> <!-- Suite -->
</testng-results>
