<?xml version="1.0" encoding="UTF-8"?>
<!-- Generated by org.testng.reporters.JUnitXMLReporter -->
<testsuite hostname="DESKTOP-C6SCVB2" ignored="0" name="Command line test" tests="5" failures="0" timestamp="2019-12-09T16:58:50 PKT" time="73.497" errors="0">
  <testcase name="tc1" time="14.356" classname="testapk.Testcases"/>
  <testcase name="tc2" time="13.777" classname="testapk.Testcases"/>
  <testcase name="tc3" time="11.851" classname="testapk.Testcases"/>
  <testcase name="tc4" time="12.668" classname="testapk.Testcases"/>
  <testcase name="tc5" time="9.721" classname="testapk.Testcases"/>
</testsuite> <!-- Command line test -->
