<?xml version="1.0" encoding="UTF-8"?>
<testng-results skipped="0" failed="0" ignored="0" total="5" passed="5">
  <reporter-output>
  </reporter-output>
  <suite name="Default suite" duration-ms="73478" started-at="2019-12-09T14:48:53 PKT" finished-at="2019-12-09T14:50:07 PKT">
    <groups>
    </groups>
    <test name="Default test" duration-ms="73478" started-at="2019-12-09T14:48:53 PKT" finished-at="2019-12-09T14:50:07 PKT">
      <class name="testapk.Testcases">
        <test-method status="PASS" signature="tc1()[pri:0, instance:testapk.Testcases@7e0b85f9]" name="tc1" is-config="true" duration-ms="10031" started-at="2019-12-09T14:48:43 PKT" finished-at="2019-12-09T14:48:53 PKT">
          <reporter-output>
          </reporter-output>
        </test-method> <!-- tc1 -->
        <test-method status="PASS" signature="Capabilities()[pri:0, instance:testapk.Testcases@7e0b85f9]" name="Capabilities" is-config="true" duration-ms="10682" started-at="2019-12-09T14:48:53 PKT" finished-at="2019-12-09T14:49:04 PKT">
          <reporter-output>
          </reporter-output>
        </test-method> <!-- Capabilities -->
        <test-method status="PASS" signature="tc2()[pri:1, instance:testapk.Testcases@7e0b85f9]" name="tc2" duration-ms="14184" started-at="2019-12-09T14:49:04 PKT" finished-at="2019-12-09T14:49:18 PKT">
          <reporter-output>
          </reporter-output>
        </test-method> <!-- tc2 -->
        <test-method status="PASS" signature="tc3()[pri:2, instance:testapk.Testcases@7e0b85f9]" name="tc3" duration-ms="13742" started-at="2019-12-09T14:49:18 PKT" finished-at="2019-12-09T14:49:32 PKT">
          <reporter-output>
          </reporter-output>
        </test-method> <!-- tc3 -->
        <test-method status="PASS" signature="tc4()[pri:3, instance:testapk.Testcases@7e0b85f9]" name="tc4" duration-ms="12025" started-at="2019-12-09T14:49:32 PKT" finished-at="2019-12-09T14:49:44 PKT">
          <reporter-output>
          </reporter-output>
        </test-method> <!-- tc4 -->
        <test-method status="PASS" signature="tc5()[pri:4, instance:testapk.Testcases@7e0b85f9]" name="tc5" duration-ms="13065" started-at="2019-12-09T14:49:44 PKT" finished-at="2019-12-09T14:49:57 PKT">
          <reporter-output>
          </reporter-output>
        </test-method> <!-- tc5 -->
        <test-method status="PASS" signature="tc6()[pri:5, instance:testapk.Testcases@7e0b85f9]" name="tc6" duration-ms="9563" started-at="2019-12-09T14:49:57 PKT" finished-at="2019-12-09T14:50:07 PKT">
          <reporter-output>
          </reporter-output>
        </test-method> <!-- tc6 -->
        <test-method status="PASS" signature="tc7()[pri:0, instance:testapk.Testcases@7e0b85f9]" name="tc7" is-config="true" duration-ms="37" started-at="2019-12-09T14:50:07 PKT" finished-at="2019-12-09T14:50:07 PKT">
          <reporter-output>
          </reporter-output>
        </test-method> <!-- tc7 -->
      </class> <!-- testapk.Testcases -->
    </test> <!-- Default test -->
  </suite> <!-- Default suite -->
</testng-results>
